<?xml version="1.0" encoding="UTF-8"?>
<testng-results ignored="0" total="1" passed="1" failed="0" skipped="0">
  <reporter-output>
  </reporter-output>
  <suite started-at="2024-12-11T11:48:34 IST" name="Default suite" finished-at="2024-12-11T11:48:34 IST" duration-ms="445">
    <groups>
      <group name="cucumber">
        <method signature="AbstractTestNGCucumberTests.runScenario(io.cucumber.testng.PickleWrapper,io.cucumber.testng.FeatureWrapper)[pri:0, instance:TestRunner.TestRunner_forTagsUnderstanding@6fa51cd4]" name="runScenario" class="io.cucumber.testng.AbstractTestNGCucumberTests"/>
      </group> <!-- cucumber -->
    </groups>
    <test started-at="2024-12-11T11:48:34 IST" name="Default test" finished-at="2024-12-11T11:48:34 IST" duration-ms="445">
      <class name="TestRunner.TestRunner_forTagsUnderstanding">
        <test-method is-config="true" signature="setUpClass(org.testng.ITestContext)[pri:0, instance:TestRunner.TestRunner_forTagsUnderstanding@6fa51cd4]" started-at="2024-12-11T11:48:34 IST" name="setUpClass" finished-at="2024-12-11T11:48:34 IST" duration-ms="344" status="PASS">
          <params>
            <param index="0">
              <value>
                <![CDATA[org.testng.TestRunner@3af37506]]>
              </value>
            </param>
          </params>
          <reporter-output>
          </reporter-output>
        </test-method> <!-- setUpClass -->
        <test-method signature="runScenario(io.cucumber.testng.PickleWrapper,io.cucumber.testng.FeatureWrapper)[pri:0, instance:TestRunner.TestRunner_forTagsUnderstanding@6fa51cd4]" started-at="2024-12-11T11:48:34 IST" name="runScenario" description="Runs Cucumber Scenarios" data-provider="scenarios" finished-at="2024-12-11T11:48:34 IST" duration-ms="45" status="PASS">
          <params>
            <param index="0">
              <value>
                <![CDATA["Scenario 1 from test feature 1"]]>
              </value>
            </param>
            <param index="1">
              <value>
                <![CDATA["This feature indicate this is the 1st"]]>
              </value>
            </param>
          </params>
          <reporter-output>
          </reporter-output>
        </test-method> <!-- runScenario -->
        <test-method is-config="true" signature="tearDownClass()[pri:0, instance:TestRunner.TestRunner_forTagsUnderstanding@6fa51cd4]" started-at="2024-12-11T11:48:34 IST" name="tearDownClass" finished-at="2024-12-11T11:48:34 IST" duration-ms="20" status="PASS">
          <reporter-output>
          </reporter-output>
        </test-method> <!-- tearDownClass -->
      </class> <!-- TestRunner.TestRunner_forTagsUnderstanding -->
    </test> <!-- Default test -->
  </suite> <!-- Default suite -->
</testng-results>
